<?xml version="1.0" encoding="UTF-8"?>
<!-- Generated by org.testng.reporters.JUnitXMLReporter -->
<testsuite hostname="Prateeks-PC" name="Default test" tests="10" failures="0" timestamp="29 May 2021 07:21:30 GMT" time="66.666" errors="0">
  <testcase name="validateLoginFunctionalityTest" time="0.689" classname="com.blazedemo.test.ProductDetailsPageTest"/>
  <testcase name="validateNokiaLumiaText" time="1.743" classname="com.blazedemo.test.ProductDetailsPageTest"/>
  <testcase name="validateNokiaPriceTest" time="1.964" classname="com.blazedemo.test.ProductDetailsPageTest"/>
  <testcase name="validateAddToCartTest" time="3.868" classname="com.blazedemo.test.ProductDetailsPageTest"/>
  <testcase name="validateMacBookairText" time="2.661" classname="com.blazedemo.test.ProductDetailsPageTest"/>
  <testcase name="validateMacBookairPriceTest" time="2.557" classname="com.blazedemo.test.ProductDetailsPageTest"/>
  <testcase name="validaateMacbookairAddToCartTest" time="3.441" classname="com.blazedemo.test.ProductDetailsPageTest"/>
  <testcase name="validaateAsusTextTest" time="2.648" classname="com.blazedemo.test.ProductDetailsPageTest"/>
  <testcase name="validateAsusPriceTest" time="2.402" classname="com.blazedemo.test.ProductDetailsPageTest"/>
  <testcase name="vallidateAsusCartTest" time="3.793" classname="com.blazedemo.test.ProductDetailsPageTest"/>
</testsuite> <!-- Default test -->
