<?xml version="1.0" encoding="UTF-8"?>
<!-- Generated by org.testng.reporters.JUnitXMLReporter -->
<testsuite hostname="Prateeks-PC" name="Default test" tests="5" failures="0" timestamp="29 May 2021 08:48:48 GMT" time="21.966" errors="0">
  <testcase name="validateSingUpFunctioanlityTest" time="0.579" classname="com.blazedemo.test.HomePageTest"/>
  <testcase name="validateLoginFunctionalityTest" time="0.35" classname="com.blazedemo.test.HomePageTest"/>
  <testcase name="validateScrollingFunctionalityTest" time="0.127" classname="com.blazedemo.test.HomePageTest"/>
  <testcase name="validaateClickOnNokiaTest" time="2.015" classname="com.blazedemo.test.HomePageTest"/>
  <testcase name="validateCartLinkTest" time="0.857" classname="com.blazedemo.test.HomePageTest"/>
</testsuite> <!-- Default test -->
