<?xml version="1.0" encoding="UTF-8"?>
<!-- Generated by org.testng.reporters.JUnitXMLReporter -->
<testsuite hostname="Prateeks-PC" name="Default test" tests="5" failures="0" timestamp="21 Aug 2021 11:30:37 GMT" time="1.623" errors="0">
  <testcase name="@BeforeMethod setUp" time="0.0" classname="com.blazedemo.test.HomePageTest">
    <failure type="java.lang.NoSuchMethodError" message="org.apache.commons.io.IOUtils.toString(Ljava/io/InputStream;Ljava/nio/charset/Charset;)Ljava/lang/String;">
      <![CDATA[java.lang.NoSuchMethodError: org.apache.commons.io.IOUtils.toString(Ljava/io/InputStream;Ljava/nio/charset/Charset;)Ljava/lang/String;
	at io.github.bonigarcia.wdm.versions.VersionDetector.getProperties(VersionDetector.java:232)
	at io.github.bonigarcia.wdm.versions.VersionDetector.getBrowserVersionFromTheShell(VersionDetector.java:137)
	at io.github.bonigarcia.wdm.WebDriverManager.getBrowserVersionFromTheShell(WebDriverManager.java:731)
	at io.github.bonigarcia.wdm.WebDriverManager.detectBrowserVersion(WebDriverManager.java:751)
	at io.github.bonigarcia.wdm.WebDriverManager.resolveDriverVersion(WebDriverManager.java:614)
	at io.github.bonigarcia.wdm.WebDriverManager.manage(WebDriverManager.java:565)
	at io.github.bonigarcia.wdm.WebDriverManager.setup(WebDriverManager.java:287)
	at com.blazedemo.base.Base.Initlialize(Base.java:47)
	at com.blazedemo.test.HomePageTest.setUp(HomePageTest.java:40)
	at sun.reflect.NativeMethodAccessorImpl.invoke0(Native Method)
	at sun.reflect.NativeMethodAccessorImpl.invoke(NativeMethodAccessorImpl.java:62)
	at sun.reflect.DelegatingMethodAccessorImpl.invoke(DelegatingMethodAccessorImpl.java:43)
	at java.lang.reflect.Method.invoke(Method.java:498)
	at org.testng.internal.MethodInvocationHelper.invokeMethod(MethodInvocationHelper.java:100)
	at org.testng.internal.Invoker.invokeConfigurationMethod(Invoker.java:515)
	at org.testng.internal.Invoker.invokeConfigurations(Invoker.java:216)
	at org.testng.internal.Invoker.invokeMethod(Invoker.java:590)
	at org.testng.internal.Invoker.invokeTestMethod(Invoker.java:811)
	at org.testng.internal.Invoker.invokeTestMethods(Invoker.java:1129)
	at org.testng.internal.TestMethodWorker.invokeTestMethods(TestMethodWorker.java:129)
	at org.testng.internal.TestMethodWorker.run(TestMethodWorker.java:112)
	at org.testng.TestRunner.privateRun(TestRunner.java:746)
	at org.testng.TestRunner.run(TestRunner.java:600)
	at org.testng.SuiteRunner.runTest(SuiteRunner.java:366)
	at org.testng.SuiteRunner.runSequentially(SuiteRunner.java:361)
	at org.testng.SuiteRunner.privateRun(SuiteRunner.java:319)
	at org.testng.SuiteRunner.run(SuiteRunner.java:268)
	at org.testng.SuiteRunnerWorker.runSuite(SuiteRunnerWorker.java:52)
	at org.testng.SuiteRunnerWorker.run(SuiteRunnerWorker.java:86)
	at org.testng.TestNG.runSuitesSequentially(TestNG.java:1264)
	at org.testng.TestNG.runSuitesLocally(TestNG.java:1189)
	at org.testng.TestNG.runSuites(TestNG.java:1104)
	at org.testng.TestNG.run(TestNG.java:1076)
	at org.testng.remote.AbstractRemoteTestNG.run(AbstractRemoteTestNG.java:126)
	at org.testng.remote.RemoteTestNG.initAndRun(RemoteTestNG.java:152)
	at org.testng.remote.RemoteTestNG.main(RemoteTestNG.java:57)
]]>
    </failure>
  </testcase> <!-- @BeforeMethod setUp -->
  <testcase name="@AfterMethod tearDown" time="0.0" classname="com.blazedemo.test.HomePageTest">
    <skipped/>
  </testcase> <!-- @AfterMethod tearDown -->
  <testcase name="@BeforeMethod setUp" time="0.0" classname="com.blazedemo.test.HomePageTest">
    <skipped/>
  </testcase> <!-- @BeforeMethod setUp -->
  <testcase name="@AfterMethod tearDown" time="0.0" classname="com.blazedemo.test.HomePageTest">
    <skipped/>
  </testcase> <!-- @AfterMethod tearDown -->
  <testcase name="@BeforeMethod setUp" time="0.0" classname="com.blazedemo.test.HomePageTest">
    <skipped/>
  </testcase> <!-- @BeforeMethod setUp -->
  <testcase name="@AfterMethod tearDown" time="0.0" classname="com.blazedemo.test.HomePageTest">
    <skipped/>
  </testcase> <!-- @AfterMethod tearDown -->
  <testcase name="@BeforeMethod setUp" time="0.0" classname="com.blazedemo.test.HomePageTest">
    <skipped/>
  </testcase> <!-- @BeforeMethod setUp -->
  <testcase name="@AfterMethod tearDown" time="0.0" classname="com.blazedemo.test.HomePageTest">
    <skipped/>
  </testcase> <!-- @AfterMethod tearDown -->
  <testcase name="@BeforeMethod setUp" time="0.0" classname="com.blazedemo.test.HomePageTest">
    <skipped/>
  </testcase> <!-- @BeforeMethod setUp -->
  <testcase name="@AfterMethod tearDown" time="0.0" classname="com.blazedemo.test.HomePageTest">
    <skipped/>
  </testcase> <!-- @AfterMethod tearDown -->
  <testcase name="validateSingUpFunctioanlityTest" time="0.251" classname="com.blazedemo.test.HomePageTest">
    <skipped/>
  </testcase> <!-- validateSingUpFunctioanlityTest -->
  <testcase name="validateLoginFunctionalityTest" time="0.001" classname="com.blazedemo.test.HomePageTest">
    <skipped/>
  </testcase> <!-- validateLoginFunctionalityTest -->
  <testcase name="validateScrollingFunctionalityTest" time="0.001" classname="com.blazedemo.test.HomePageTest">
    <skipped/>
  </testcase> <!-- validateScrollingFunctionalityTest -->
  <testcase name="validaateClickOnNokiaTest" time="0.002" classname="com.blazedemo.test.HomePageTest">
    <skipped/>
  </testcase> <!-- validaateClickOnNokiaTest -->
  <testcase name="validateCartLinkTest" time="0.002" classname="com.blazedemo.test.HomePageTest">
    <skipped/>
  </testcase> <!-- validateCartLinkTest -->
</testsuite> <!-- Default test -->
