<?xml version="1.0" encoding="UTF-8"?>
<!-- Generated by org.testng.reporters.JUnitXMLReporter -->
<testsuite hostname="Prateeks-PC" name="Test" tests="3" failures="0" timestamp="14 May 2021 09:01:20 GMT" time="14.309" errors="0">
  <testcase name="validateSingUpFunctioanlityTest" time="0.656" classname="com.blazedemo.test.HomePageTest"/>
  <testcase name="validateLoginFunctionalityTest" time="0.786" classname="com.blazedemo.test.HomePageTest"/>
  <testcase name="validateScrollingFunctionalityTest" time="0.214" classname="com.blazedemo.test.HomePageTest"/>
</testsuite> <!-- Test -->
