<?xml version="1.0" encoding="UTF-8"?>
<!-- Generated by org.testng.reporters.JUnitXMLReporter -->
<testsuite hostname="Prateeks-PC" name="Test" tests="14" failures="3" timestamp="22 May 2021 08:17:58 GMT" time="84.081" errors="0">
  <testcase name="validateSingUpFunctioanlityTest" time="0.666" classname="com.blazedemo.test.HomePageTest"/>
  <testcase name="validateLoginFunctionalityTest" time="0.766" classname="com.blazedemo.test.HomePageTest"/>
  <testcase name="validateScrollingFunctionalityTest" time="0.219" classname="com.blazedemo.test.HomePageTest"/>
  <testcase name="validaateClickOnNokiaTest" time="1.134" classname="com.blazedemo.test.HomePageTest"/>
  <testcase name="validateLoginFunctionalityTest" time="0.625" classname="com.blazedemo.test.ProductDetailsPageTest"/>
  <testcase name="validateNokiaLumiaText" time="2.488" classname="com.blazedemo.test.ProductDetailsPageTest"/>
  <testcase name="validateNokiaPriceTest" time="2.187" classname="com.blazedemo.test.ProductDetailsPageTest"/>
  <testcase name="validateAddToCartTest" time="2.704" classname="com.blazedemo.test.ProductDetailsPageTest">
    <failure type="org.openqa.selenium.NoAlertPresentException" message="no such alert
  (Session info: chrome=90.0.4430.212)
Build info: version: &amp;apos;3.141.59&amp;apos;, revision: &amp;apos;e82be7d358&amp;apos;, time: &amp;apos;2018-11-14T08:17:03&amp;apos;
System info: host: &amp;apos;PRATEEKS-PC&amp;apos;, ip: &amp;apos;192.168.0.106&amp;apos;, os.name: &amp;apos;Windows 10&amp;apos;, os.arch: &amp;apos;amd64&amp;apos;, os.version: &amp;apos;10.0&amp;apos;, java.version: &amp;apos;1.8.0_111&amp;apos;
Driver info: org.openqa.selenium.chrome.ChromeDriver
Capabilities {acceptInsecureCerts: false, browserName: chrome, browserVersion: 90.0.4430.212, chrome: {chromedriverVersion: 90.0.4430.24 (4c6d850f087da..., userDataDir: C:\Users\prate\AppData\Loca...}, goog:chromeOptions: {debuggerAddress: localhost:57001}, javascriptEnabled: true, networkConnectionEnabled: false, pageLoadStrategy: normal, platform: WINDOWS, platformName: WINDOWS, proxy: Proxy(), setWindowRect: true, strictFileInteractability: false, timeouts: {implicit: 0, pageLoad: 300000, script: 30000}, unhandledPromptBehavior: dismiss and notify, webauthn:extension:largeBlob: true, webauthn:virtualAuthenticators: true}
Session ID: ca9aa592b5acf7fe77f009c31a66ed98">
      <![CDATA[org.openqa.selenium.NoAlertPresentException: no such alert
  (Session info: chrome=90.0.4430.212)
Build info: version: '3.141.59', revision: 'e82be7d358', time: '2018-11-14T08:17:03'
System info: host: 'PRATEEKS-PC', ip: '192.168.0.106', os.name: 'Windows 10', os.arch: 'amd64', os.version: '10.0', java.version: '1.8.0_111'
Driver info: org.openqa.selenium.chrome.ChromeDriver
Capabilities {acceptInsecureCerts: false, browserName: chrome, browserVersion: 90.0.4430.212, chrome: {chromedriverVersion: 90.0.4430.24 (4c6d850f087da..., userDataDir: C:\Users\prate\AppData\Loca...}, goog:chromeOptions: {debuggerAddress: localhost:57001}, javascriptEnabled: true, networkConnectionEnabled: false, pageLoadStrategy: normal, platform: WINDOWS, platformName: WINDOWS, proxy: Proxy(), setWindowRect: true, strictFileInteractability: false, timeouts: {implicit: 0, pageLoad: 300000, script: 30000}, unhandledPromptBehavior: dismiss and notify, webauthn:extension:largeBlob: true, webauthn:virtualAuthenticators: true}
Session ID: ca9aa592b5acf7fe77f009c31a66ed98
	at org.openqa.selenium.remote.http.W3CHttpResponseCodec.createException(W3CHttpResponseCodec.java:187)
	at org.openqa.selenium.remote.http.W3CHttpResponseCodec.decode(W3CHttpResponseCodec.java:122)
	at org.openqa.selenium.remote.http.W3CHttpResponseCodec.decode(W3CHttpResponseCodec.java:49)
	at org.openqa.selenium.remote.HttpCommandExecutor.execute(HttpCommandExecutor.java:158)
	at org.openqa.selenium.remote.service.DriverCommandExecutor.execute(DriverCommandExecutor.java:83)
	at org.openqa.selenium.remote.RemoteWebDriver.execute(RemoteWebDriver.java:552)
	at org.openqa.selenium.remote.RemoteWebDriver.execute(RemoteWebDriver.java:609)
	at org.openqa.selenium.remote.RemoteWebDriver$RemoteTargetLocator.alert(RemoteWebDriver.java:932)
	at com.blazedemo.pages.ProductDetailsPage.AddToCart(ProductDetailsPage.java:67)
	at com.blazedemo.test.ProductDetailsPageTest.validateAddToCartTest(ProductDetailsPageTest.java:65)
... Removed 29 stack frames]]>
    </failure>
  </testcase> <!-- validateAddToCartTest -->
  <testcase name="validateMacBookairText" time="2.909" classname="com.blazedemo.test.ProductDetailsPageTest"/>
  <testcase name="validateMacBookairPriceTest" time="2.181" classname="com.blazedemo.test.ProductDetailsPageTest"/>
  <testcase name="validaateMacbookairAddToCartTest" time="2.654" classname="com.blazedemo.test.ProductDetailsPageTest">
    <failure type="org.openqa.selenium.NoAlertPresentException" message="no such alert
  (Session info: chrome=90.0.4430.212)
Build info: version: &amp;apos;3.141.59&amp;apos;, revision: &amp;apos;e82be7d358&amp;apos;, time: &amp;apos;2018-11-14T08:17:03&amp;apos;
System info: host: &amp;apos;PRATEEKS-PC&amp;apos;, ip: &amp;apos;192.168.0.106&amp;apos;, os.name: &amp;apos;Windows 10&amp;apos;, os.arch: &amp;apos;amd64&amp;apos;, os.version: &amp;apos;10.0&amp;apos;, java.version: &amp;apos;1.8.0_111&amp;apos;
Driver info: org.openqa.selenium.chrome.ChromeDriver
Capabilities {acceptInsecureCerts: false, browserName: chrome, browserVersion: 90.0.4430.212, chrome: {chromedriverVersion: 90.0.4430.24 (4c6d850f087da..., userDataDir: C:\Users\prate\AppData\Loca...}, goog:chromeOptions: {debuggerAddress: localhost:57058}, javascriptEnabled: true, networkConnectionEnabled: false, pageLoadStrategy: normal, platform: WINDOWS, platformName: WINDOWS, proxy: Proxy(), setWindowRect: true, strictFileInteractability: false, timeouts: {implicit: 0, pageLoad: 300000, script: 30000}, unhandledPromptBehavior: dismiss and notify, webauthn:extension:largeBlob: true, webauthn:virtualAuthenticators: true}
Session ID: a9e5e8082bd1550d6d429a862ad7bbce">
      <![CDATA[org.openqa.selenium.NoAlertPresentException: no such alert
  (Session info: chrome=90.0.4430.212)
Build info: version: '3.141.59', revision: 'e82be7d358', time: '2018-11-14T08:17:03'
System info: host: 'PRATEEKS-PC', ip: '192.168.0.106', os.name: 'Windows 10', os.arch: 'amd64', os.version: '10.0', java.version: '1.8.0_111'
Driver info: org.openqa.selenium.chrome.ChromeDriver
Capabilities {acceptInsecureCerts: false, browserName: chrome, browserVersion: 90.0.4430.212, chrome: {chromedriverVersion: 90.0.4430.24 (4c6d850f087da..., userDataDir: C:\Users\prate\AppData\Loca...}, goog:chromeOptions: {debuggerAddress: localhost:57058}, javascriptEnabled: true, networkConnectionEnabled: false, pageLoadStrategy: normal, platform: WINDOWS, platformName: WINDOWS, proxy: Proxy(), setWindowRect: true, strictFileInteractability: false, timeouts: {implicit: 0, pageLoad: 300000, script: 30000}, unhandledPromptBehavior: dismiss and notify, webauthn:extension:largeBlob: true, webauthn:virtualAuthenticators: true}
Session ID: a9e5e8082bd1550d6d429a862ad7bbce
	at org.openqa.selenium.remote.http.W3CHttpResponseCodec.createException(W3CHttpResponseCodec.java:187)
	at org.openqa.selenium.remote.http.W3CHttpResponseCodec.decode(W3CHttpResponseCodec.java:122)
	at org.openqa.selenium.remote.http.W3CHttpResponseCodec.decode(W3CHttpResponseCodec.java:49)
	at org.openqa.selenium.remote.HttpCommandExecutor.execute(HttpCommandExecutor.java:158)
	at org.openqa.selenium.remote.service.DriverCommandExecutor.execute(DriverCommandExecutor.java:83)
	at org.openqa.selenium.remote.RemoteWebDriver.execute(RemoteWebDriver.java:552)
	at org.openqa.selenium.remote.RemoteWebDriver.execute(RemoteWebDriver.java:609)
	at org.openqa.selenium.remote.RemoteWebDriver$RemoteTargetLocator.alert(RemoteWebDriver.java:932)
	at com.blazedemo.pages.ProductDetailsPage.macAddToCart(ProductDetailsPage.java:82)
	at com.blazedemo.test.ProductDetailsPageTest.validaateMacbookairAddToCartTest(ProductDetailsPageTest.java:90)
... Removed 29 stack frames]]>
    </failure>
  </testcase> <!-- validaateMacbookairAddToCartTest -->
  <testcase name="validaateAsusTextTest" time="2.709" classname="com.blazedemo.test.ProductDetailsPageTest"/>
  <testcase name="validateAsusPriceTest" time="2.541" classname="com.blazedemo.test.ProductDetailsPageTest"/>
  <testcase name="vallidateAsusCartTest" time="2.793" classname="com.blazedemo.test.ProductDetailsPageTest">
    <failure type="org.openqa.selenium.NoAlertPresentException" message="no such alert
  (Session info: chrome=90.0.4430.212)
Build info: version: &amp;apos;3.141.59&amp;apos;, revision: &amp;apos;e82be7d358&amp;apos;, time: &amp;apos;2018-11-14T08:17:03&amp;apos;
System info: host: &amp;apos;PRATEEKS-PC&amp;apos;, ip: &amp;apos;192.168.0.106&amp;apos;, os.name: &amp;apos;Windows 10&amp;apos;, os.arch: &amp;apos;amd64&amp;apos;, os.version: &amp;apos;10.0&amp;apos;, java.version: &amp;apos;1.8.0_111&amp;apos;
Driver info: org.openqa.selenium.chrome.ChromeDriver
Capabilities {acceptInsecureCerts: false, browserName: chrome, browserVersion: 90.0.4430.212, chrome: {chromedriverVersion: 90.0.4430.24 (4c6d850f087da..., userDataDir: C:\Users\prate\AppData\Loca...}, goog:chromeOptions: {debuggerAddress: localhost:57116}, javascriptEnabled: true, networkConnectionEnabled: false, pageLoadStrategy: normal, platform: WINDOWS, platformName: WINDOWS, proxy: Proxy(), setWindowRect: true, strictFileInteractability: false, timeouts: {implicit: 0, pageLoad: 300000, script: 30000}, unhandledPromptBehavior: dismiss and notify, webauthn:extension:largeBlob: true, webauthn:virtualAuthenticators: true}
Session ID: ec69cf26e5ae621e82971e86ff1d48cf">
      <![CDATA[org.openqa.selenium.NoAlertPresentException: no such alert
  (Session info: chrome=90.0.4430.212)
Build info: version: '3.141.59', revision: 'e82be7d358', time: '2018-11-14T08:17:03'
System info: host: 'PRATEEKS-PC', ip: '192.168.0.106', os.name: 'Windows 10', os.arch: 'amd64', os.version: '10.0', java.version: '1.8.0_111'
Driver info: org.openqa.selenium.chrome.ChromeDriver
Capabilities {acceptInsecureCerts: false, browserName: chrome, browserVersion: 90.0.4430.212, chrome: {chromedriverVersion: 90.0.4430.24 (4c6d850f087da..., userDataDir: C:\Users\prate\AppData\Loca...}, goog:chromeOptions: {debuggerAddress: localhost:57116}, javascriptEnabled: true, networkConnectionEnabled: false, pageLoadStrategy: normal, platform: WINDOWS, platformName: WINDOWS, proxy: Proxy(), setWindowRect: true, strictFileInteractability: false, timeouts: {implicit: 0, pageLoad: 300000, script: 30000}, unhandledPromptBehavior: dismiss and notify, webauthn:extension:largeBlob: true, webauthn:virtualAuthenticators: true}
Session ID: ec69cf26e5ae621e82971e86ff1d48cf
	at org.openqa.selenium.remote.http.W3CHttpResponseCodec.createException(W3CHttpResponseCodec.java:187)
	at org.openqa.selenium.remote.http.W3CHttpResponseCodec.decode(W3CHttpResponseCodec.java:122)
	at org.openqa.selenium.remote.http.W3CHttpResponseCodec.decode(W3CHttpResponseCodec.java:49)
	at org.openqa.selenium.remote.HttpCommandExecutor.execute(HttpCommandExecutor.java:158)
	at org.openqa.selenium.remote.service.DriverCommandExecutor.execute(DriverCommandExecutor.java:83)
	at org.openqa.selenium.remote.RemoteWebDriver.execute(RemoteWebDriver.java:552)
	at org.openqa.selenium.remote.RemoteWebDriver.execute(RemoteWebDriver.java:609)
	at org.openqa.selenium.remote.RemoteWebDriver$RemoteTargetLocator.alert(RemoteWebDriver.java:932)
	at com.blazedemo.pages.ProductDetailsPage.asusAddToCart(ProductDetailsPage.java:97)
	at com.blazedemo.test.ProductDetailsPageTest.vallidateAsusCartTest(ProductDetailsPageTest.java:112)
... Removed 29 stack frames]]>
    </failure>
  </testcase> <!-- vallidateAsusCartTest -->
</testsuite> <!-- Test -->
