<?xml version="1.0" encoding="UTF-8"?>
<!-- Generated by org.testng.reporters.JUnitXMLReporter -->
<testsuite hostname="Prateeks-PC" name="Test" tests="15" failures="0" timestamp="29 May 2021 08:51:24 GMT" time="79.649" errors="0">
  <testcase name="validateSingUpFunctioanlityTest" time="0.531" classname="com.blazedemo.test.HomePageTest"/>
  <testcase name="validateLoginFunctionalityTest" time="0.386" classname="com.blazedemo.test.HomePageTest"/>
  <testcase name="validateScrollingFunctionalityTest" time="0.115" classname="com.blazedemo.test.HomePageTest"/>
  <testcase name="validaateClickOnNokiaTest" time="0.723" classname="com.blazedemo.test.HomePageTest"/>
  <testcase name="validateCartLinkTest" time="0.794" classname="com.blazedemo.test.HomePageTest"/>
  <testcase name="validateLoginFunctionalityTest" time="0.398" classname="com.blazedemo.test.ProductDetailsPageTest"/>
  <testcase name="validateNokiaLumiaText" time="1.992" classname="com.blazedemo.test.ProductDetailsPageTest"/>
  <testcase name="validateNokiaPriceTest" time="2.209" classname="com.blazedemo.test.ProductDetailsPageTest"/>
  <testcase name="validateAddToCartTest" time="2.914" classname="com.blazedemo.test.ProductDetailsPageTest"/>
  <testcase name="validateMacBookairText" time="2.345" classname="com.blazedemo.test.ProductDetailsPageTest"/>
  <testcase name="validateMacBookairPriceTest" time="2.834" classname="com.blazedemo.test.ProductDetailsPageTest"/>
  <testcase name="validaateMacbookairAddToCartTest" time="3.032" classname="com.blazedemo.test.ProductDetailsPageTest"/>
  <testcase name="validaateAsusTextTest" time="2.825" classname="com.blazedemo.test.ProductDetailsPageTest"/>
  <testcase name="validateAsusPriceTest" time="2.259" classname="com.blazedemo.test.ProductDetailsPageTest"/>
  <testcase name="vallidateAsusCartTest" time="2.977" classname="com.blazedemo.test.ProductDetailsPageTest"/>
</testsuite> <!-- Test -->
