<?xml version="1.0" encoding="UTF-8"?>
<!-- Generated by org.testng.reporters.JUnitXMLReporter -->
<testsuite hostname="Prateeks-PC" name="Test" tests="14" failures="1" timestamp="5 Jul 2021 19:01:56 GMT" time="152.618" errors="0">
  <testcase name="enterUserDetailsTest" time="0.0" classname="com.blazedemo.test.CartPageTest">
    <skipped/>
  </testcase> <!-- enterUserDetailsTest -->
  <testcase name="validateNokiaLumiaText" time="11.272" classname="com.blazedemo.test.CartPageTest"/>
  <testcase name="validateNokiaPriceTest" time="13.617" classname="com.blazedemo.test.CartPageTest"/>
  <testcase name="validateAddToCartTest" time="7.343" classname="com.blazedemo.test.CartPageTest"/>
  <testcase name="validateMacBookairText" time="4.982" classname="com.blazedemo.test.CartPageTest"/>
  <testcase name="validateMacBookairPriceTest" time="6.838" classname="com.blazedemo.test.CartPageTest"/>
  <testcase name="validaateMacbookairAddToCartTest" time="9.027" classname="com.blazedemo.test.CartPageTest"/>
  <testcase name="validaateAsusTextTest" time="6.249" classname="com.blazedemo.test.CartPageTest"/>
  <testcase name="validateAsusPriceTest" time="7.424" classname="com.blazedemo.test.CartPageTest"/>
  <testcase name="vallidateAsusCartTest" time="9.238" classname="com.blazedemo.test.CartPageTest"/>
  <testcase name="validateDeleteAsusMonitorTest" time="1.574" classname="com.blazedemo.test.CartPageTest">
    <skipped/>
  </testcase> <!-- validateDeleteAsusMonitorTest -->
  <testcase name="validateDeleteAsusMonitorTest" time="1.664" classname="com.blazedemo.test.CartPageTest">
    <skipped/>
  </testcase> <!-- validateDeleteAsusMonitorTest -->
  <testcase name="validateDeleteAsusMonitorTest" time="4.314" classname="com.blazedemo.test.CartPageTest">
    <skipped/>
  </testcase> <!-- validateDeleteAsusMonitorTest -->
  <testcase name="validateDeleteAsusMonitorTest" time="1.63" classname="com.blazedemo.test.CartPageTest">
    <failure type="org.openqa.selenium.ElementClickInterceptedException" message="element click intercepted: Element &amp;lt;a href=&amp;quot;#&amp;quot; id=&amp;quot;itemc&amp;quot; onclick=&amp;quot;byCat(&amp;apos;monitor&amp;apos;)&amp;quot; class=&amp;quot;list-group-item&amp;quot;&amp;gt;...&amp;lt;/a&amp;gt; is not clickable at point (209, 625). Other element would receive the click: &amp;lt;div class=&amp;quot;modal fade show&amp;quot; id=&amp;quot;logInModal&amp;quot; tabindex=&amp;quot;-1&amp;quot; role=&amp;quot;dialog&amp;quot; aria-labelledby=&amp;quot;logInModalLabel&amp;quot; style=&amp;quot;display: block;&amp;quot;&amp;gt;...&amp;lt;/div&amp;gt;
  (Session info: chrome=91.0.4472.124)
Build info: version: &amp;apos;3.141.59&amp;apos;, revision: &amp;apos;e82be7d358&amp;apos;, time: &amp;apos;2018-11-14T08:17:03&amp;apos;
System info: host: &amp;apos;PRATEEKS-PC&amp;apos;, ip: &amp;apos;192.168.225.152&amp;apos;, os.name: &amp;apos;Windows 10&amp;apos;, os.arch: &amp;apos;amd64&amp;apos;, os.version: &amp;apos;10.0&amp;apos;, java.version: &amp;apos;1.8.0_111&amp;apos;
Driver info: org.openqa.selenium.chrome.ChromeDriver
Capabilities {acceptInsecureCerts: false, browserName: chrome, browserVersion: 91.0.4472.124, chrome: {chromedriverVersion: 91.0.4472.101 (af52a90bf870..., userDataDir: C:\Users\prate\AppData\Loca...}, goog:chromeOptions: {debuggerAddress: localhost:61022}, javascriptEnabled: true, networkConnectionEnabled: false, pageLoadStrategy: normal, platform: WINDOWS, platformName: WINDOWS, proxy: Proxy(), setWindowRect: true, strictFileInteractability: false, timeouts: {implicit: 0, pageLoad: 300000, script: 30000}, unhandledPromptBehavior: dismiss and notify, webauthn:extension:largeBlob: true, webauthn:virtualAuthenticators: true}
Session ID: fae7e43908307f62a658183099f99bf2">
      <![CDATA[org.openqa.selenium.ElementClickInterceptedException: element click intercepted: Element <a href="#" id="itemc" onclick="byCat('monitor')" class="list-group-item">...</a> is not clickable at point (209, 625). Other element would receive the click: <div class="modal fade show" id="logInModal" tabindex="-1" role="dialog" aria-labelledby="logInModalLabel" style="display: block;">...</div>
  (Session info: chrome=91.0.4472.124)
Build info: version: '3.141.59', revision: 'e82be7d358', time: '2018-11-14T08:17:03'
System info: host: 'PRATEEKS-PC', ip: '192.168.225.152', os.name: 'Windows 10', os.arch: 'amd64', os.version: '10.0', java.version: '1.8.0_111'
Driver info: org.openqa.selenium.chrome.ChromeDriver
Capabilities {acceptInsecureCerts: false, browserName: chrome, browserVersion: 91.0.4472.124, chrome: {chromedriverVersion: 91.0.4472.101 (af52a90bf870..., userDataDir: C:\Users\prate\AppData\Loca...}, goog:chromeOptions: {debuggerAddress: localhost:61022}, javascriptEnabled: true, networkConnectionEnabled: false, pageLoadStrategy: normal, platform: WINDOWS, platformName: WINDOWS, proxy: Proxy(), setWindowRect: true, strictFileInteractability: false, timeouts: {implicit: 0, pageLoad: 300000, script: 30000}, unhandledPromptBehavior: dismiss and notify, webauthn:extension:largeBlob: true, webauthn:virtualAuthenticators: true}
Session ID: fae7e43908307f62a658183099f99bf2
	at org.openqa.selenium.remote.http.W3CHttpResponseCodec.createException(W3CHttpResponseCodec.java:187)
	at org.openqa.selenium.remote.http.W3CHttpResponseCodec.decode(W3CHttpResponseCodec.java:122)
	at org.openqa.selenium.remote.http.W3CHttpResponseCodec.decode(W3CHttpResponseCodec.java:49)
	at org.openqa.selenium.remote.HttpCommandExecutor.execute(HttpCommandExecutor.java:158)
	at org.openqa.selenium.remote.service.DriverCommandExecutor.execute(DriverCommandExecutor.java:83)
	at org.openqa.selenium.remote.RemoteWebDriver.execute(RemoteWebDriver.java:552)
	at org.openqa.selenium.remote.RemoteWebElement.execute(RemoteWebElement.java:285)
	at org.openqa.selenium.remote.RemoteWebElement.click(RemoteWebElement.java:84)
	at org.openqa.selenium.support.pagefactory.internal.LocatingElementHandler.invoke(LocatingElementHandler.java:51)
	at com.sun.proxy.$Proxy10.click(Unknown Source)
	at com.blazedemo.pages.HomePage.clickOnMonitors(HomePage.java:126)
	at com.blazedemo.test.CartPageTest.validateDeleteAsusMonitorTest(CartPageTest.java:123)
... Removed 32 stack frames]]>
    </failure>
  </testcase> <!-- validateDeleteAsusMonitorTest -->
</testsuite> <!-- Test -->
