<?xml version="1.0" encoding="UTF-8"?>
<!-- Generated by org.testng.reporters.JUnitXMLReporter -->
<testsuite hostname="Prateeks-PC" name="Test" tests="4" failures="0" timestamp="14 May 2021 12:39:38 GMT" time="27.284" errors="0">
  <testcase name="validateSingUpFunctioanlityTest" time="0.605" classname="com.blazedemo.test.HomePageTest"/>
  <testcase name="validateLoginFunctionalityTest" time="0.71" classname="com.blazedemo.test.HomePageTest"/>
  <testcase name="validateScrollingFunctionalityTest" time="0.29" classname="com.blazedemo.test.HomePageTest"/>
  <testcase name="validaateClickOnNokiaTest" time="2.341" classname="com.blazedemo.test.HomePageTest"/>
</testsuite> <!-- Test -->
