<?xml version="1.0" encoding="UTF-8"?>
<!-- Generated by org.testng.reporters.JUnitXMLReporter -->
<testsuite hostname="Prateeks-PC" name="Test" tests="23" failures="3" timestamp="22 May 2021 10:08:07 GMT" time="148.76" errors="0">
  <testcase name="validateSingUpFunctioanlityTest" time="1.232" classname="com.blazedemo.test.HomePageTest"/>
  <testcase name="validateLoginFunctionalityTest" time="0.709" classname="com.blazedemo.test.HomePageTest"/>
  <testcase name="validateScrollingFunctionalityTest" time="0.154" classname="com.blazedemo.test.HomePageTest"/>
  <testcase name="validaateClickOnNokiaTest" time="1.514" classname="com.blazedemo.test.HomePageTest"/>
  <testcase name="validateLoginFunctionalityTest" time="0.651" classname="com.blazedemo.test.ProductDetailsPageTest"/>
  <testcase name="validateNokiaLumiaText" time="2.505" classname="com.blazedemo.test.ProductDetailsPageTest"/>
  <testcase name="validateNokiaPriceTest" time="2.626" classname="com.blazedemo.test.ProductDetailsPageTest"/>
  <testcase name="validateAddToCartTest" time="1.583" classname="com.blazedemo.test.ProductDetailsPageTest">
    <skipped/>
  </testcase> <!-- validateAddToCartTest -->
  <testcase name="validateAddToCartTest" time="2.054" classname="com.blazedemo.test.ProductDetailsPageTest">
    <skipped/>
  </testcase> <!-- validateAddToCartTest -->
  <testcase name="validateAddToCartTest" time="1.584" classname="com.blazedemo.test.ProductDetailsPageTest">
    <skipped/>
  </testcase> <!-- validateAddToCartTest -->
  <testcase name="validateAddToCartTest" time="1.928" classname="com.blazedemo.test.ProductDetailsPageTest">
    <failure type="org.openqa.selenium.NoAlertPresentException" message="no such alert
  (Session info: chrome=90.0.4430.212)
Build info: version: &amp;apos;3.141.59&amp;apos;, revision: &amp;apos;e82be7d358&amp;apos;, time: &amp;apos;2018-11-14T08:17:03&amp;apos;
System info: host: &amp;apos;PRATEEKS-PC&amp;apos;, ip: &amp;apos;192.168.0.106&amp;apos;, os.name: &amp;apos;Windows 10&amp;apos;, os.arch: &amp;apos;amd64&amp;apos;, os.version: &amp;apos;10.0&amp;apos;, java.version: &amp;apos;1.8.0_111&amp;apos;
Driver info: org.openqa.selenium.chrome.ChromeDriver
Capabilities {acceptInsecureCerts: false, browserName: chrome, browserVersion: 90.0.4430.212, chrome: {chromedriverVersion: 90.0.4430.24 (4c6d850f087da..., userDataDir: C:\Users\prate\AppData\Loca...}, goog:chromeOptions: {debuggerAddress: localhost:63389}, javascriptEnabled: true, networkConnectionEnabled: false, pageLoadStrategy: normal, platform: WINDOWS, platformName: WINDOWS, proxy: Proxy(), setWindowRect: true, strictFileInteractability: false, timeouts: {implicit: 0, pageLoad: 300000, script: 30000}, unhandledPromptBehavior: dismiss and notify, webauthn:extension:largeBlob: true, webauthn:virtualAuthenticators: true}
Session ID: 26dd81653bbf261601cf874a31597e50">
      <![CDATA[org.openqa.selenium.NoAlertPresentException: no such alert
  (Session info: chrome=90.0.4430.212)
Build info: version: '3.141.59', revision: 'e82be7d358', time: '2018-11-14T08:17:03'
System info: host: 'PRATEEKS-PC', ip: '192.168.0.106', os.name: 'Windows 10', os.arch: 'amd64', os.version: '10.0', java.version: '1.8.0_111'
Driver info: org.openqa.selenium.chrome.ChromeDriver
Capabilities {acceptInsecureCerts: false, browserName: chrome, browserVersion: 90.0.4430.212, chrome: {chromedriverVersion: 90.0.4430.24 (4c6d850f087da..., userDataDir: C:\Users\prate\AppData\Loca...}, goog:chromeOptions: {debuggerAddress: localhost:63389}, javascriptEnabled: true, networkConnectionEnabled: false, pageLoadStrategy: normal, platform: WINDOWS, platformName: WINDOWS, proxy: Proxy(), setWindowRect: true, strictFileInteractability: false, timeouts: {implicit: 0, pageLoad: 300000, script: 30000}, unhandledPromptBehavior: dismiss and notify, webauthn:extension:largeBlob: true, webauthn:virtualAuthenticators: true}
Session ID: 26dd81653bbf261601cf874a31597e50
	at org.openqa.selenium.remote.http.W3CHttpResponseCodec.createException(W3CHttpResponseCodec.java:187)
	at org.openqa.selenium.remote.http.W3CHttpResponseCodec.decode(W3CHttpResponseCodec.java:122)
	at org.openqa.selenium.remote.http.W3CHttpResponseCodec.decode(W3CHttpResponseCodec.java:49)
	at org.openqa.selenium.remote.HttpCommandExecutor.execute(HttpCommandExecutor.java:158)
	at org.openqa.selenium.remote.service.DriverCommandExecutor.execute(DriverCommandExecutor.java:83)
	at org.openqa.selenium.remote.RemoteWebDriver.execute(RemoteWebDriver.java:552)
	at org.openqa.selenium.remote.RemoteWebDriver.execute(RemoteWebDriver.java:609)
	at org.openqa.selenium.remote.RemoteWebDriver$RemoteTargetLocator.alert(RemoteWebDriver.java:932)
	at com.blazedemo.pages.ProductDetailsPage.AddToCart(ProductDetailsPage.java:67)
	at com.blazedemo.test.ProductDetailsPageTest.validateAddToCartTest(ProductDetailsPageTest.java:65)
... Removed 29 stack frames]]>
    </failure>
  </testcase> <!-- validateAddToCartTest -->
  <testcase name="validateMacBookairText" time="2.531" classname="com.blazedemo.test.ProductDetailsPageTest"/>
  <testcase name="validateMacBookairPriceTest" time="2.79" classname="com.blazedemo.test.ProductDetailsPageTest"/>
  <testcase name="validaateMacbookairAddToCartTest" time="2.727" classname="com.blazedemo.test.ProductDetailsPageTest">
    <skipped/>
  </testcase> <!-- validaateMacbookairAddToCartTest -->
  <testcase name="validaateMacbookairAddToCartTest" time="2.457" classname="com.blazedemo.test.ProductDetailsPageTest">
    <skipped/>
  </testcase> <!-- validaateMacbookairAddToCartTest -->
  <testcase name="validaateMacbookairAddToCartTest" time="2.466" classname="com.blazedemo.test.ProductDetailsPageTest">
    <skipped/>
  </testcase> <!-- validaateMacbookairAddToCartTest -->
  <testcase name="validaateMacbookairAddToCartTest" time="2.865" classname="com.blazedemo.test.ProductDetailsPageTest">
    <failure type="org.openqa.selenium.NoAlertPresentException" message="no such alert
  (Session info: chrome=90.0.4430.212)
Build info: version: &amp;apos;3.141.59&amp;apos;, revision: &amp;apos;e82be7d358&amp;apos;, time: &amp;apos;2018-11-14T08:17:03&amp;apos;
System info: host: &amp;apos;PRATEEKS-PC&amp;apos;, ip: &amp;apos;192.168.0.106&amp;apos;, os.name: &amp;apos;Windows 10&amp;apos;, os.arch: &amp;apos;amd64&amp;apos;, os.version: &amp;apos;10.0&amp;apos;, java.version: &amp;apos;1.8.0_111&amp;apos;
Driver info: org.openqa.selenium.chrome.ChromeDriver
Capabilities {acceptInsecureCerts: false, browserName: chrome, browserVersion: 90.0.4430.212, chrome: {chromedriverVersion: 90.0.4430.24 (4c6d850f087da..., userDataDir: C:\Users\prate\AppData\Loca...}, goog:chromeOptions: {debuggerAddress: localhost:63505}, javascriptEnabled: true, networkConnectionEnabled: false, pageLoadStrategy: normal, platform: WINDOWS, platformName: WINDOWS, proxy: Proxy(), setWindowRect: true, strictFileInteractability: false, timeouts: {implicit: 0, pageLoad: 300000, script: 30000}, unhandledPromptBehavior: dismiss and notify, webauthn:extension:largeBlob: true, webauthn:virtualAuthenticators: true}
Session ID: 74746d1efeede184b2376faee5bc0f23">
      <![CDATA[org.openqa.selenium.NoAlertPresentException: no such alert
  (Session info: chrome=90.0.4430.212)
Build info: version: '3.141.59', revision: 'e82be7d358', time: '2018-11-14T08:17:03'
System info: host: 'PRATEEKS-PC', ip: '192.168.0.106', os.name: 'Windows 10', os.arch: 'amd64', os.version: '10.0', java.version: '1.8.0_111'
Driver info: org.openqa.selenium.chrome.ChromeDriver
Capabilities {acceptInsecureCerts: false, browserName: chrome, browserVersion: 90.0.4430.212, chrome: {chromedriverVersion: 90.0.4430.24 (4c6d850f087da..., userDataDir: C:\Users\prate\AppData\Loca...}, goog:chromeOptions: {debuggerAddress: localhost:63505}, javascriptEnabled: true, networkConnectionEnabled: false, pageLoadStrategy: normal, platform: WINDOWS, platformName: WINDOWS, proxy: Proxy(), setWindowRect: true, strictFileInteractability: false, timeouts: {implicit: 0, pageLoad: 300000, script: 30000}, unhandledPromptBehavior: dismiss and notify, webauthn:extension:largeBlob: true, webauthn:virtualAuthenticators: true}
Session ID: 74746d1efeede184b2376faee5bc0f23
	at org.openqa.selenium.remote.http.W3CHttpResponseCodec.createException(W3CHttpResponseCodec.java:187)
	at org.openqa.selenium.remote.http.W3CHttpResponseCodec.decode(W3CHttpResponseCodec.java:122)
	at org.openqa.selenium.remote.http.W3CHttpResponseCodec.decode(W3CHttpResponseCodec.java:49)
	at org.openqa.selenium.remote.HttpCommandExecutor.execute(HttpCommandExecutor.java:158)
	at org.openqa.selenium.remote.service.DriverCommandExecutor.execute(DriverCommandExecutor.java:83)
	at org.openqa.selenium.remote.RemoteWebDriver.execute(RemoteWebDriver.java:552)
	at org.openqa.selenium.remote.RemoteWebDriver.execute(RemoteWebDriver.java:609)
	at org.openqa.selenium.remote.RemoteWebDriver$RemoteTargetLocator.alert(RemoteWebDriver.java:932)
	at com.blazedemo.pages.ProductDetailsPage.macAddToCart(ProductDetailsPage.java:82)
	at com.blazedemo.test.ProductDetailsPageTest.validaateMacbookairAddToCartTest(ProductDetailsPageTest.java:90)
... Removed 29 stack frames]]>
    </failure>
  </testcase> <!-- validaateMacbookairAddToCartTest -->
  <testcase name="validaateAsusTextTest" time="3.004" classname="com.blazedemo.test.ProductDetailsPageTest"/>
  <testcase name="validateAsusPriceTest" time="2.428" classname="com.blazedemo.test.ProductDetailsPageTest"/>
  <testcase name="vallidateAsusCartTest" time="2.513" classname="com.blazedemo.test.ProductDetailsPageTest">
    <skipped/>
  </testcase> <!-- vallidateAsusCartTest -->
  <testcase name="vallidateAsusCartTest" time="2.789" classname="com.blazedemo.test.ProductDetailsPageTest">
    <skipped/>
  </testcase> <!-- vallidateAsusCartTest -->
  <testcase name="vallidateAsusCartTest" time="2.5" classname="com.blazedemo.test.ProductDetailsPageTest">
    <skipped/>
  </testcase> <!-- vallidateAsusCartTest -->
  <testcase name="vallidateAsusCartTest" time="2.761" classname="com.blazedemo.test.ProductDetailsPageTest">
    <failure type="org.openqa.selenium.NoAlertPresentException" message="no such alert
  (Session info: chrome=90.0.4430.212)
Build info: version: &amp;apos;3.141.59&amp;apos;, revision: &amp;apos;e82be7d358&amp;apos;, time: &amp;apos;2018-11-14T08:17:03&amp;apos;
System info: host: &amp;apos;PRATEEKS-PC&amp;apos;, ip: &amp;apos;192.168.0.106&amp;apos;, os.name: &amp;apos;Windows 10&amp;apos;, os.arch: &amp;apos;amd64&amp;apos;, os.version: &amp;apos;10.0&amp;apos;, java.version: &amp;apos;1.8.0_111&amp;apos;
Driver info: org.openqa.selenium.chrome.ChromeDriver
Capabilities {acceptInsecureCerts: false, browserName: chrome, browserVersion: 90.0.4430.212, chrome: {chromedriverVersion: 90.0.4430.24 (4c6d850f087da..., userDataDir: C:\Users\prate\AppData\Loca...}, goog:chromeOptions: {debuggerAddress: localhost:63621}, javascriptEnabled: true, networkConnectionEnabled: false, pageLoadStrategy: normal, platform: WINDOWS, platformName: WINDOWS, proxy: Proxy(), setWindowRect: true, strictFileInteractability: false, timeouts: {implicit: 0, pageLoad: 300000, script: 30000}, unhandledPromptBehavior: dismiss and notify, webauthn:extension:largeBlob: true, webauthn:virtualAuthenticators: true}
Session ID: 3c5f4425fa0e0228c36eb49e9a6c584a">
      <![CDATA[org.openqa.selenium.NoAlertPresentException: no such alert
  (Session info: chrome=90.0.4430.212)
Build info: version: '3.141.59', revision: 'e82be7d358', time: '2018-11-14T08:17:03'
System info: host: 'PRATEEKS-PC', ip: '192.168.0.106', os.name: 'Windows 10', os.arch: 'amd64', os.version: '10.0', java.version: '1.8.0_111'
Driver info: org.openqa.selenium.chrome.ChromeDriver
Capabilities {acceptInsecureCerts: false, browserName: chrome, browserVersion: 90.0.4430.212, chrome: {chromedriverVersion: 90.0.4430.24 (4c6d850f087da..., userDataDir: C:\Users\prate\AppData\Loca...}, goog:chromeOptions: {debuggerAddress: localhost:63621}, javascriptEnabled: true, networkConnectionEnabled: false, pageLoadStrategy: normal, platform: WINDOWS, platformName: WINDOWS, proxy: Proxy(), setWindowRect: true, strictFileInteractability: false, timeouts: {implicit: 0, pageLoad: 300000, script: 30000}, unhandledPromptBehavior: dismiss and notify, webauthn:extension:largeBlob: true, webauthn:virtualAuthenticators: true}
Session ID: 3c5f4425fa0e0228c36eb49e9a6c584a
	at org.openqa.selenium.remote.http.W3CHttpResponseCodec.createException(W3CHttpResponseCodec.java:187)
	at org.openqa.selenium.remote.http.W3CHttpResponseCodec.decode(W3CHttpResponseCodec.java:122)
	at org.openqa.selenium.remote.http.W3CHttpResponseCodec.decode(W3CHttpResponseCodec.java:49)
	at org.openqa.selenium.remote.HttpCommandExecutor.execute(HttpCommandExecutor.java:158)
	at org.openqa.selenium.remote.service.DriverCommandExecutor.execute(DriverCommandExecutor.java:83)
	at org.openqa.selenium.remote.RemoteWebDriver.execute(RemoteWebDriver.java:552)
	at org.openqa.selenium.remote.RemoteWebDriver.execute(RemoteWebDriver.java:609)
	at org.openqa.selenium.remote.RemoteWebDriver$RemoteTargetLocator.alert(RemoteWebDriver.java:932)
	at com.blazedemo.pages.ProductDetailsPage.asusAddToCart(ProductDetailsPage.java:97)
	at com.blazedemo.test.ProductDetailsPageTest.vallidateAsusCartTest(ProductDetailsPageTest.java:112)
... Removed 29 stack frames]]>
    </failure>
  </testcase> <!-- vallidateAsusCartTest -->
</testsuite> <!-- Test -->
