<?xml version="1.0" encoding="UTF-8"?>
<testng-results skipped="0" failed="3" total="14" passed="11">
  <reporter-output>
  </reporter-output>
  <suite name="Suite" duration-ms="80692" started-at="2021-05-16T07:10:25Z" finished-at="2021-05-16T07:11:46Z">
    <groups>
    </groups>
    <test name="Test" duration-ms="80692" started-at="2021-05-16T07:10:25Z" finished-at="2021-05-16T07:11:46Z">
      <class name="com.blazedemo.test.HomePageTest">
        <test-method status="PASS" signature="setUp()[pri:0, instance:com.blazedemo.test.HomePageTest@91161c7]" name="setUp" is-config="true" duration-ms="4050" started-at="2021-05-16T12:40:25Z" finished-at="2021-05-16T12:40:29Z">
          <reporter-output>
          </reporter-output>
        </test-method> <!-- setUp -->
        <test-method status="PASS" signature="validateSingUpFunctioanlityTest()[pri:1, instance:com.blazedemo.test.HomePageTest@91161c7]" name="validateSingUpFunctioanlityTest" duration-ms="840" started-at="2021-05-16T12:40:29Z" finished-at="2021-05-16T12:40:30Z">
          <reporter-output>
          </reporter-output>
        </test-method> <!-- validateSingUpFunctioanlityTest -->
        <test-method status="PASS" signature="tearDown()[pri:0, instance:com.blazedemo.test.HomePageTest@91161c7]" name="tearDown" is-config="true" duration-ms="696" started-at="2021-05-16T12:40:30Z" finished-at="2021-05-16T12:40:31Z">
          <reporter-output>
          </reporter-output>
        </test-method> <!-- tearDown -->
        <test-method status="PASS" signature="setUp()[pri:0, instance:com.blazedemo.test.HomePageTest@91161c7]" name="setUp" is-config="true" duration-ms="2870" started-at="2021-05-16T12:40:31Z" finished-at="2021-05-16T12:40:34Z">
          <reporter-output>
          </reporter-output>
        </test-method> <!-- setUp -->
        <test-method status="PASS" signature="validateLoginFunctionalityTest()[pri:2, instance:com.blazedemo.test.HomePageTest@91161c7]" name="validateLoginFunctionalityTest" duration-ms="611" started-at="2021-05-16T12:40:34Z" finished-at="2021-05-16T12:40:34Z">
          <reporter-output>
          </reporter-output>
        </test-method> <!-- validateLoginFunctionalityTest -->
        <test-method status="PASS" signature="tearDown()[pri:0, instance:com.blazedemo.test.HomePageTest@91161c7]" name="tearDown" is-config="true" duration-ms="703" started-at="2021-05-16T12:40:34Z" finished-at="2021-05-16T12:40:35Z">
          <reporter-output>
          </reporter-output>
        </test-method> <!-- tearDown -->
        <test-method status="PASS" signature="setUp()[pri:0, instance:com.blazedemo.test.HomePageTest@91161c7]" name="setUp" is-config="true" duration-ms="3051" started-at="2021-05-16T12:40:35Z" finished-at="2021-05-16T12:40:38Z">
          <reporter-output>
          </reporter-output>
        </test-method> <!-- setUp -->
        <test-method status="PASS" signature="validateScrollingFunctionalityTest()[pri:3, instance:com.blazedemo.test.HomePageTest@91161c7]" name="validateScrollingFunctionalityTest" duration-ms="162" started-at="2021-05-16T12:40:38Z" finished-at="2021-05-16T12:40:38Z">
          <reporter-output>
          </reporter-output>
        </test-method> <!-- validateScrollingFunctionalityTest -->
        <test-method status="PASS" signature="tearDown()[pri:0, instance:com.blazedemo.test.HomePageTest@91161c7]" name="tearDown" is-config="true" duration-ms="681" started-at="2021-05-16T12:40:38Z" finished-at="2021-05-16T12:40:39Z">
          <reporter-output>
          </reporter-output>
        </test-method> <!-- tearDown -->
        <test-method status="PASS" signature="setUp()[pri:0, instance:com.blazedemo.test.HomePageTest@91161c7]" name="setUp" is-config="true" duration-ms="2534" started-at="2021-05-16T12:40:39Z" finished-at="2021-05-16T12:40:42Z">
          <reporter-output>
          </reporter-output>
        </test-method> <!-- setUp -->
        <test-method status="PASS" signature="validaateClickOnNokiaTest()[pri:4, instance:com.blazedemo.test.HomePageTest@91161c7]" name="validaateClickOnNokiaTest" duration-ms="1411" started-at="2021-05-16T12:40:42Z" finished-at="2021-05-16T12:40:43Z">
          <reporter-output>
          </reporter-output>
        </test-method> <!-- validaateClickOnNokiaTest -->
        <test-method status="PASS" signature="tearDown()[pri:0, instance:com.blazedemo.test.HomePageTest@91161c7]" name="tearDown" is-config="true" duration-ms="667" started-at="2021-05-16T12:40:43Z" finished-at="2021-05-16T12:40:44Z">
          <reporter-output>
          </reporter-output>
        </test-method> <!-- tearDown -->
      </class> <!-- com.blazedemo.test.HomePageTest -->
      <class name="com.blazedemo.test.ProductDetailsPageTest">
        <test-method status="PASS" signature="setUp()[pri:0, instance:com.blazedemo.test.ProductDetailsPageTest@604ed9f0]" name="setUp" is-config="true" duration-ms="2568" started-at="2021-05-16T12:40:44Z" finished-at="2021-05-16T12:40:46Z">
          <reporter-output>
          </reporter-output>
        </test-method> <!-- setUp -->
        <test-method status="PASS" signature="validateLoginFunctionalityTest()[pri:1, instance:com.blazedemo.test.ProductDetailsPageTest@604ed9f0]" name="validateLoginFunctionalityTest" duration-ms="626" started-at="2021-05-16T12:40:46Z" finished-at="2021-05-16T12:40:47Z">
          <reporter-output>
          </reporter-output>
        </test-method> <!-- validateLoginFunctionalityTest -->
        <test-method status="PASS" signature="tearDown()[pri:0, instance:com.blazedemo.test.ProductDetailsPageTest@604ed9f0]" name="tearDown" is-config="true" duration-ms="718" started-at="2021-05-16T12:40:47Z" finished-at="2021-05-16T12:40:48Z">
          <reporter-output>
          </reporter-output>
        </test-method> <!-- tearDown -->
        <test-method status="PASS" signature="setUp()[pri:0, instance:com.blazedemo.test.ProductDetailsPageTest@604ed9f0]" name="setUp" is-config="true" duration-ms="3113" started-at="2021-05-16T12:40:48Z" finished-at="2021-05-16T12:40:51Z">
          <reporter-output>
          </reporter-output>
        </test-method> <!-- setUp -->
        <test-method status="PASS" signature="validateNokiaLumiaText()[pri:2, instance:com.blazedemo.test.ProductDetailsPageTest@604ed9f0]" name="validateNokiaLumiaText" duration-ms="1744" started-at="2021-05-16T12:40:51Z" finished-at="2021-05-16T12:40:52Z">
          <reporter-output>
          </reporter-output>
        </test-method> <!-- validateNokiaLumiaText -->
        <test-method status="PASS" signature="tearDown()[pri:0, instance:com.blazedemo.test.ProductDetailsPageTest@604ed9f0]" name="tearDown" is-config="true" duration-ms="699" started-at="2021-05-16T12:40:52Z" finished-at="2021-05-16T12:40:53Z">
          <reporter-output>
          </reporter-output>
        </test-method> <!-- tearDown -->
        <test-method status="PASS" signature="setUp()[pri:0, instance:com.blazedemo.test.ProductDetailsPageTest@604ed9f0]" name="setUp" is-config="true" duration-ms="3092" started-at="2021-05-16T12:40:53Z" finished-at="2021-05-16T12:40:56Z">
          <reporter-output>
          </reporter-output>
        </test-method> <!-- setUp -->
        <test-method status="PASS" signature="validateNokiaPriceTest()[pri:3, instance:com.blazedemo.test.ProductDetailsPageTest@604ed9f0]" name="validateNokiaPriceTest" duration-ms="1998" started-at="2021-05-16T12:40:56Z" finished-at="2021-05-16T12:40:58Z">
          <reporter-output>
          </reporter-output>
        </test-method> <!-- validateNokiaPriceTest -->
        <test-method status="PASS" signature="tearDown()[pri:0, instance:com.blazedemo.test.ProductDetailsPageTest@604ed9f0]" name="tearDown" is-config="true" duration-ms="751" started-at="2021-05-16T12:40:58Z" finished-at="2021-05-16T12:40:59Z">
          <reporter-output>
          </reporter-output>
        </test-method> <!-- tearDown -->
        <test-method status="PASS" signature="setUp()[pri:0, instance:com.blazedemo.test.ProductDetailsPageTest@604ed9f0]" name="setUp" is-config="true" duration-ms="4438" started-at="2021-05-16T12:40:59Z" finished-at="2021-05-16T12:41:03Z">
          <reporter-output>
          </reporter-output>
        </test-method> <!-- setUp -->
        <test-method status="FAIL" signature="validateAddToCartTest()[pri:4, instance:com.blazedemo.test.ProductDetailsPageTest@604ed9f0]" name="validateAddToCartTest" duration-ms="1789" started-at="2021-05-16T12:41:03Z" finished-at="2021-05-16T12:41:05Z">
          <exception class="org.openqa.selenium.NoAlertPresentException">
            <message>
              <![CDATA[no such alert
  (Session info: chrome=90.0.4430.212)
Build info: version: '3.141.59', revision: 'e82be7d358', time: '2018-11-14T08:17:03'
System info: host: 'PRATEEKS-PC', ip: '192.168.0.106', os.name: 'Windows 10', os.arch: 'amd64', os.version: '10.0', java.version: '1.8.0_111'
Driver info: org.openqa.selenium.chrome.ChromeDriver
Capabilities {acceptInsecureCerts: false, browserName: chrome, browserVersion: 90.0.4430.212, chrome: {chromedriverVersion: 90.0.4430.24 (4c6d850f087da..., userDataDir: C:\Users\prate\AppData\Loca...}, goog:chromeOptions: {debuggerAddress: localhost:52136}, javascriptEnabled: true, networkConnectionEnabled: false, pageLoadStrategy: normal, platform: WINDOWS, platformName: WINDOWS, proxy: Proxy(), setWindowRect: true, strictFileInteractability: false, timeouts: {implicit: 0, pageLoad: 300000, script: 30000}, unhandledPromptBehavior: dismiss and notify, webauthn:extension:largeBlob: true, webauthn:virtualAuthenticators: true}
Session ID: a066646c8f296a250a48cd06f68a1b35]]>
            </message>
            <full-stacktrace>
              <![CDATA[org.openqa.selenium.NoAlertPresentException: no such alert
  (Session info: chrome=90.0.4430.212)
Build info: version: '3.141.59', revision: 'e82be7d358', time: '2018-11-14T08:17:03'
System info: host: 'PRATEEKS-PC', ip: '192.168.0.106', os.name: 'Windows 10', os.arch: 'amd64', os.version: '10.0', java.version: '1.8.0_111'
Driver info: org.openqa.selenium.chrome.ChromeDriver
Capabilities {acceptInsecureCerts: false, browserName: chrome, browserVersion: 90.0.4430.212, chrome: {chromedriverVersion: 90.0.4430.24 (4c6d850f087da..., userDataDir: C:\Users\prate\AppData\Loca...}, goog:chromeOptions: {debuggerAddress: localhost:52136}, javascriptEnabled: true, networkConnectionEnabled: false, pageLoadStrategy: normal, platform: WINDOWS, platformName: WINDOWS, proxy: Proxy(), setWindowRect: true, strictFileInteractability: false, timeouts: {implicit: 0, pageLoad: 300000, script: 30000}, unhandledPromptBehavior: dismiss and notify, webauthn:extension:largeBlob: true, webauthn:virtualAuthenticators: true}
Session ID: a066646c8f296a250a48cd06f68a1b35
	at sun.reflect.NativeConstructorAccessorImpl.newInstance0(Native Method)
	at sun.reflect.NativeConstructorAccessorImpl.newInstance(NativeConstructorAccessorImpl.java:62)
	at sun.reflect.DelegatingConstructorAccessorImpl.newInstance(DelegatingConstructorAccessorImpl.java:45)
	at java.lang.reflect.Constructor.newInstance(Constructor.java:423)
	at org.openqa.selenium.remote.http.W3CHttpResponseCodec.createException(W3CHttpResponseCodec.java:187)
	at org.openqa.selenium.remote.http.W3CHttpResponseCodec.decode(W3CHttpResponseCodec.java:122)
	at org.openqa.selenium.remote.http.W3CHttpResponseCodec.decode(W3CHttpResponseCodec.java:49)
	at org.openqa.selenium.remote.HttpCommandExecutor.execute(HttpCommandExecutor.java:158)
	at org.openqa.selenium.remote.service.DriverCommandExecutor.execute(DriverCommandExecutor.java:83)
	at org.openqa.selenium.remote.RemoteWebDriver.execute(RemoteWebDriver.java:552)
	at org.openqa.selenium.remote.RemoteWebDriver.execute(RemoteWebDriver.java:609)
	at org.openqa.selenium.remote.RemoteWebDriver$RemoteTargetLocator.alert(RemoteWebDriver.java:932)
	at com.blazedemo.pages.ProductDetailsPage.AddToCart(ProductDetailsPage.java:67)
	at com.blazedemo.test.ProductDetailsPageTest.validateAddToCartTest(ProductDetailsPageTest.java:62)
	at sun.reflect.NativeMethodAccessorImpl.invoke0(Native Method)
	at sun.reflect.NativeMethodAccessorImpl.invoke(NativeMethodAccessorImpl.java:62)
	at sun.reflect.DelegatingMethodAccessorImpl.invoke(DelegatingMethodAccessorImpl.java:43)
	at java.lang.reflect.Method.invoke(Method.java:498)
	at org.testng.internal.MethodInvocationHelper.invokeMethod(MethodInvocationHelper.java:100)
	at org.testng.internal.Invoker.invokeMethod(Invoker.java:646)
	at org.testng.internal.Invoker.invokeTestMethod(Invoker.java:811)
	at org.testng.internal.Invoker.invokeTestMethods(Invoker.java:1129)
	at org.testng.internal.TestMethodWorker.invokeTestMethods(TestMethodWorker.java:129)
	at org.testng.internal.TestMethodWorker.run(TestMethodWorker.java:112)
	at org.testng.TestRunner.privateRun(TestRunner.java:746)
	at org.testng.TestRunner.run(TestRunner.java:600)
	at org.testng.SuiteRunner.runTest(SuiteRunner.java:366)
	at org.testng.SuiteRunner.runSequentially(SuiteRunner.java:361)
	at org.testng.SuiteRunner.privateRun(SuiteRunner.java:319)
	at org.testng.SuiteRunner.run(SuiteRunner.java:268)
	at org.testng.SuiteRunnerWorker.runSuite(SuiteRunnerWorker.java:52)
	at org.testng.SuiteRunnerWorker.run(SuiteRunnerWorker.java:86)
	at org.testng.TestNG.runSuitesSequentially(TestNG.java:1264)
	at org.testng.TestNG.runSuitesLocally(TestNG.java:1189)
	at org.testng.TestNG.runSuites(TestNG.java:1104)
	at org.testng.TestNG.run(TestNG.java:1076)
	at org.testng.remote.AbstractRemoteTestNG.run(AbstractRemoteTestNG.java:126)
	at org.testng.remote.RemoteTestNG.initAndRun(RemoteTestNG.java:152)
	at org.testng.remote.RemoteTestNG.main(RemoteTestNG.java:57)
]]>
            </full-stacktrace>
          </exception> <!-- org.openqa.selenium.NoAlertPresentException -->
          <reporter-output>
          </reporter-output>
        </test-method> <!-- validateAddToCartTest -->
        <test-method status="PASS" signature="tearDown()[pri:0, instance:com.blazedemo.test.ProductDetailsPageTest@604ed9f0]" name="tearDown" is-config="true" duration-ms="693" started-at="2021-05-16T12:41:05Z" finished-at="2021-05-16T12:41:06Z">
          <reporter-output>
          </reporter-output>
        </test-method> <!-- tearDown -->
        <test-method status="PASS" signature="setUp()[pri:0, instance:com.blazedemo.test.ProductDetailsPageTest@604ed9f0]" name="setUp" is-config="true" duration-ms="2602" started-at="2021-05-16T12:41:06Z" finished-at="2021-05-16T12:41:09Z">
          <reporter-output>
          </reporter-output>
        </test-method> <!-- setUp -->
        <test-method status="PASS" signature="validateMacBookairText()[pri:5, instance:com.blazedemo.test.ProductDetailsPageTest@604ed9f0]" name="validateMacBookairText" duration-ms="2379" started-at="2021-05-16T12:41:09Z" finished-at="2021-05-16T12:41:11Z">
          <reporter-output>
          </reporter-output>
        </test-method> <!-- validateMacBookairText -->
        <test-method status="PASS" signature="tearDown()[pri:0, instance:com.blazedemo.test.ProductDetailsPageTest@604ed9f0]" name="tearDown" is-config="true" duration-ms="1172" started-at="2021-05-16T12:41:11Z" finished-at="2021-05-16T12:41:12Z">
          <reporter-output>
          </reporter-output>
        </test-method> <!-- tearDown -->
        <test-method status="PASS" signature="setUp()[pri:0, instance:com.blazedemo.test.ProductDetailsPageTest@604ed9f0]" name="setUp" is-config="true" duration-ms="3080" started-at="2021-05-16T12:41:12Z" finished-at="2021-05-16T12:41:15Z">
          <reporter-output>
          </reporter-output>
        </test-method> <!-- setUp -->
        <test-method status="PASS" signature="validateMacBookairPriceTest()[pri:6, instance:com.blazedemo.test.ProductDetailsPageTest@604ed9f0]" name="validateMacBookairPriceTest" duration-ms="2158" started-at="2021-05-16T12:41:15Z" finished-at="2021-05-16T12:41:17Z">
          <reporter-output>
          </reporter-output>
        </test-method> <!-- validateMacBookairPriceTest -->
        <test-method status="PASS" signature="tearDown()[pri:0, instance:com.blazedemo.test.ProductDetailsPageTest@604ed9f0]" name="tearDown" is-config="true" duration-ms="694" started-at="2021-05-16T12:41:17Z" finished-at="2021-05-16T12:41:18Z">
          <reporter-output>
          </reporter-output>
        </test-method> <!-- tearDown -->
        <test-method status="PASS" signature="setUp()[pri:0, instance:com.blazedemo.test.ProductDetailsPageTest@604ed9f0]" name="setUp" is-config="true" duration-ms="3009" started-at="2021-05-16T12:41:18Z" finished-at="2021-05-16T12:41:21Z">
          <reporter-output>
          </reporter-output>
        </test-method> <!-- setUp -->
        <test-method status="FAIL" signature="validaateMacbookairAddToCartTest()[pri:7, instance:com.blazedemo.test.ProductDetailsPageTest@604ed9f0]" name="validaateMacbookairAddToCartTest" duration-ms="2808" started-at="2021-05-16T12:41:21Z" finished-at="2021-05-16T12:41:24Z">
          <exception class="org.openqa.selenium.NoAlertPresentException">
            <message>
              <![CDATA[no such alert
  (Session info: chrome=90.0.4430.212)
Build info: version: '3.141.59', revision: 'e82be7d358', time: '2018-11-14T08:17:03'
System info: host: 'PRATEEKS-PC', ip: '192.168.0.106', os.name: 'Windows 10', os.arch: 'amd64', os.version: '10.0', java.version: '1.8.0_111'
Driver info: org.openqa.selenium.chrome.ChromeDriver
Capabilities {acceptInsecureCerts: false, browserName: chrome, browserVersion: 90.0.4430.212, chrome: {chromedriverVersion: 90.0.4430.24 (4c6d850f087da..., userDataDir: C:\Users\prate\AppData\Loca...}, goog:chromeOptions: {debuggerAddress: localhost:52201}, javascriptEnabled: true, networkConnectionEnabled: false, pageLoadStrategy: normal, platform: WINDOWS, platformName: WINDOWS, proxy: Proxy(), setWindowRect: true, strictFileInteractability: false, timeouts: {implicit: 0, pageLoad: 300000, script: 30000}, unhandledPromptBehavior: dismiss and notify, webauthn:extension:largeBlob: true, webauthn:virtualAuthenticators: true}
Session ID: 3b1950b53a7927b44c95b7bec9aaf805]]>
            </message>
            <full-stacktrace>
              <![CDATA[org.openqa.selenium.NoAlertPresentException: no such alert
  (Session info: chrome=90.0.4430.212)
Build info: version: '3.141.59', revision: 'e82be7d358', time: '2018-11-14T08:17:03'
System info: host: 'PRATEEKS-PC', ip: '192.168.0.106', os.name: 'Windows 10', os.arch: 'amd64', os.version: '10.0', java.version: '1.8.0_111'
Driver info: org.openqa.selenium.chrome.ChromeDriver
Capabilities {acceptInsecureCerts: false, browserName: chrome, browserVersion: 90.0.4430.212, chrome: {chromedriverVersion: 90.0.4430.24 (4c6d850f087da..., userDataDir: C:\Users\prate\AppData\Loca...}, goog:chromeOptions: {debuggerAddress: localhost:52201}, javascriptEnabled: true, networkConnectionEnabled: false, pageLoadStrategy: normal, platform: WINDOWS, platformName: WINDOWS, proxy: Proxy(), setWindowRect: true, strictFileInteractability: false, timeouts: {implicit: 0, pageLoad: 300000, script: 30000}, unhandledPromptBehavior: dismiss and notify, webauthn:extension:largeBlob: true, webauthn:virtualAuthenticators: true}
Session ID: 3b1950b53a7927b44c95b7bec9aaf805
	at sun.reflect.NativeConstructorAccessorImpl.newInstance0(Native Method)
	at sun.reflect.NativeConstructorAccessorImpl.newInstance(NativeConstructorAccessorImpl.java:62)
	at sun.reflect.DelegatingConstructorAccessorImpl.newInstance(DelegatingConstructorAccessorImpl.java:45)
	at java.lang.reflect.Constructor.newInstance(Constructor.java:423)
	at org.openqa.selenium.remote.http.W3CHttpResponseCodec.createException(W3CHttpResponseCodec.java:187)
	at org.openqa.selenium.remote.http.W3CHttpResponseCodec.decode(W3CHttpResponseCodec.java:122)
	at org.openqa.selenium.remote.http.W3CHttpResponseCodec.decode(W3CHttpResponseCodec.java:49)
	at org.openqa.selenium.remote.HttpCommandExecutor.execute(HttpCommandExecutor.java:158)
	at org.openqa.selenium.remote.service.DriverCommandExecutor.execute(DriverCommandExecutor.java:83)
	at org.openqa.selenium.remote.RemoteWebDriver.execute(RemoteWebDriver.java:552)
	at org.openqa.selenium.remote.RemoteWebDriver.execute(RemoteWebDriver.java:609)
	at org.openqa.selenium.remote.RemoteWebDriver$RemoteTargetLocator.alert(RemoteWebDriver.java:932)
	at com.blazedemo.pages.ProductDetailsPage.macAddToCart(ProductDetailsPage.java:82)
	at com.blazedemo.test.ProductDetailsPageTest.validaateMacbookairAddToCartTest(ProductDetailsPageTest.java:87)
	at sun.reflect.NativeMethodAccessorImpl.invoke0(Native Method)
	at sun.reflect.NativeMethodAccessorImpl.invoke(NativeMethodAccessorImpl.java:62)
	at sun.reflect.DelegatingMethodAccessorImpl.invoke(DelegatingMethodAccessorImpl.java:43)
	at java.lang.reflect.Method.invoke(Method.java:498)
	at org.testng.internal.MethodInvocationHelper.invokeMethod(MethodInvocationHelper.java:100)
	at org.testng.internal.Invoker.invokeMethod(Invoker.java:646)
	at org.testng.internal.Invoker.invokeTestMethod(Invoker.java:811)
	at org.testng.internal.Invoker.invokeTestMethods(Invoker.java:1129)
	at org.testng.internal.TestMethodWorker.invokeTestMethods(TestMethodWorker.java:129)
	at org.testng.internal.TestMethodWorker.run(TestMethodWorker.java:112)
	at org.testng.TestRunner.privateRun(TestRunner.java:746)
	at org.testng.TestRunner.run(TestRunner.java:600)
	at org.testng.SuiteRunner.runTest(SuiteRunner.java:366)
	at org.testng.SuiteRunner.runSequentially(SuiteRunner.java:361)
	at org.testng.SuiteRunner.privateRun(SuiteRunner.java:319)
	at org.testng.SuiteRunner.run(SuiteRunner.java:268)
	at org.testng.SuiteRunnerWorker.runSuite(SuiteRunnerWorker.java:52)
	at org.testng.SuiteRunnerWorker.run(SuiteRunnerWorker.java:86)
	at org.testng.TestNG.runSuitesSequentially(TestNG.java:1264)
	at org.testng.TestNG.runSuitesLocally(TestNG.java:1189)
	at org.testng.TestNG.runSuites(TestNG.java:1104)
	at org.testng.TestNG.run(TestNG.java:1076)
	at org.testng.remote.AbstractRemoteTestNG.run(AbstractRemoteTestNG.java:126)
	at org.testng.remote.RemoteTestNG.initAndRun(RemoteTestNG.java:152)
	at org.testng.remote.RemoteTestNG.main(RemoteTestNG.java:57)
]]>
            </full-stacktrace>
          </exception> <!-- org.openqa.selenium.NoAlertPresentException -->
          <reporter-output>
          </reporter-output>
        </test-method> <!-- validaateMacbookairAddToCartTest -->
        <test-method status="PASS" signature="tearDown()[pri:0, instance:com.blazedemo.test.ProductDetailsPageTest@604ed9f0]" name="tearDown" is-config="true" duration-ms="1148" started-at="2021-05-16T12:41:24Z" finished-at="2021-05-16T12:41:25Z">
          <reporter-output>
          </reporter-output>
        </test-method> <!-- tearDown -->
        <test-method status="PASS" signature="setUp()[pri:0, instance:com.blazedemo.test.ProductDetailsPageTest@604ed9f0]" name="setUp" is-config="true" duration-ms="3305" started-at="2021-05-16T12:41:25Z" finished-at="2021-05-16T12:41:28Z">
          <reporter-output>
          </reporter-output>
        </test-method> <!-- setUp -->
        <test-method status="PASS" signature="validaateAsusTextTest()[pri:8, instance:com.blazedemo.test.ProductDetailsPageTest@604ed9f0]" name="validaateAsusTextTest" duration-ms="2809" started-at="2021-05-16T12:41:28Z" finished-at="2021-05-16T12:41:31Z">
          <reporter-output>
          </reporter-output>
        </test-method> <!-- validaateAsusTextTest -->
        <test-method status="PASS" signature="tearDown()[pri:0, instance:com.blazedemo.test.ProductDetailsPageTest@604ed9f0]" name="tearDown" is-config="true" duration-ms="783" started-at="2021-05-16T12:41:31Z" finished-at="2021-05-16T12:41:32Z">
          <reporter-output>
          </reporter-output>
        </test-method> <!-- tearDown -->
        <test-method status="PASS" signature="setUp()[pri:0, instance:com.blazedemo.test.ProductDetailsPageTest@604ed9f0]" name="setUp" is-config="true" duration-ms="3391" started-at="2021-05-16T12:41:32Z" finished-at="2021-05-16T12:41:35Z">
          <reporter-output>
          </reporter-output>
        </test-method> <!-- setUp -->
        <test-method status="PASS" signature="validateAsusPriceTest()[pri:9, instance:com.blazedemo.test.ProductDetailsPageTest@604ed9f0]" name="validateAsusPriceTest" duration-ms="2449" started-at="2021-05-16T12:41:35Z" finished-at="2021-05-16T12:41:38Z">
          <reporter-output>
          </reporter-output>
        </test-method> <!-- validateAsusPriceTest -->
        <test-method status="PASS" signature="tearDown()[pri:0, instance:com.blazedemo.test.ProductDetailsPageTest@604ed9f0]" name="tearDown" is-config="true" duration-ms="1132" started-at="2021-05-16T12:41:38Z" finished-at="2021-05-16T12:41:39Z">
          <reporter-output>
          </reporter-output>
        </test-method> <!-- tearDown -->
        <test-method status="PASS" signature="setUp()[pri:0, instance:com.blazedemo.test.ProductDetailsPageTest@604ed9f0]" name="setUp" is-config="true" duration-ms="2981" started-at="2021-05-16T12:41:39Z" finished-at="2021-05-16T12:41:42Z">
          <reporter-output>
          </reporter-output>
        </test-method> <!-- setUp -->
        <test-method status="FAIL" signature="vallidateAsusCartTest()[pri:10, instance:com.blazedemo.test.ProductDetailsPageTest@604ed9f0]" name="vallidateAsusCartTest" duration-ms="3013" started-at="2021-05-16T12:41:42Z" finished-at="2021-05-16T12:41:45Z">
          <exception class="org.openqa.selenium.NoAlertPresentException">
            <message>
              <![CDATA[no such alert
  (Session info: chrome=90.0.4430.212)
Build info: version: '3.141.59', revision: 'e82be7d358', time: '2018-11-14T08:17:03'
System info: host: 'PRATEEKS-PC', ip: '192.168.0.106', os.name: 'Windows 10', os.arch: 'amd64', os.version: '10.0', java.version: '1.8.0_111'
Driver info: org.openqa.selenium.chrome.ChromeDriver
Capabilities {acceptInsecureCerts: false, browserName: chrome, browserVersion: 90.0.4430.212, chrome: {chromedriverVersion: 90.0.4430.24 (4c6d850f087da..., userDataDir: C:\Users\prate\AppData\Loca...}, goog:chromeOptions: {debuggerAddress: localhost:52267}, javascriptEnabled: true, networkConnectionEnabled: false, pageLoadStrategy: normal, platform: WINDOWS, platformName: WINDOWS, proxy: Proxy(), setWindowRect: true, strictFileInteractability: false, timeouts: {implicit: 0, pageLoad: 300000, script: 30000}, unhandledPromptBehavior: dismiss and notify, webauthn:extension:largeBlob: true, webauthn:virtualAuthenticators: true}
Session ID: 340181bda6b6df7b8c6d4f8e5cbd2fc9]]>
            </message>
            <full-stacktrace>
              <![CDATA[org.openqa.selenium.NoAlertPresentException: no such alert
  (Session info: chrome=90.0.4430.212)
Build info: version: '3.141.59', revision: 'e82be7d358', time: '2018-11-14T08:17:03'
System info: host: 'PRATEEKS-PC', ip: '192.168.0.106', os.name: 'Windows 10', os.arch: 'amd64', os.version: '10.0', java.version: '1.8.0_111'
Driver info: org.openqa.selenium.chrome.ChromeDriver
Capabilities {acceptInsecureCerts: false, browserName: chrome, browserVersion: 90.0.4430.212, chrome: {chromedriverVersion: 90.0.4430.24 (4c6d850f087da..., userDataDir: C:\Users\prate\AppData\Loca...}, goog:chromeOptions: {debuggerAddress: localhost:52267}, javascriptEnabled: true, networkConnectionEnabled: false, pageLoadStrategy: normal, platform: WINDOWS, platformName: WINDOWS, proxy: Proxy(), setWindowRect: true, strictFileInteractability: false, timeouts: {implicit: 0, pageLoad: 300000, script: 30000}, unhandledPromptBehavior: dismiss and notify, webauthn:extension:largeBlob: true, webauthn:virtualAuthenticators: true}
Session ID: 340181bda6b6df7b8c6d4f8e5cbd2fc9
	at sun.reflect.NativeConstructorAccessorImpl.newInstance0(Native Method)
	at sun.reflect.NativeConstructorAccessorImpl.newInstance(NativeConstructorAccessorImpl.java:62)
	at sun.reflect.DelegatingConstructorAccessorImpl.newInstance(DelegatingConstructorAccessorImpl.java:45)
	at java.lang.reflect.Constructor.newInstance(Constructor.java:423)
	at org.openqa.selenium.remote.http.W3CHttpResponseCodec.createException(W3CHttpResponseCodec.java:187)
	at org.openqa.selenium.remote.http.W3CHttpResponseCodec.decode(W3CHttpResponseCodec.java:122)
	at org.openqa.selenium.remote.http.W3CHttpResponseCodec.decode(W3CHttpResponseCodec.java:49)
	at org.openqa.selenium.remote.HttpCommandExecutor.execute(HttpCommandExecutor.java:158)
	at org.openqa.selenium.remote.service.DriverCommandExecutor.execute(DriverCommandExecutor.java:83)
	at org.openqa.selenium.remote.RemoteWebDriver.execute(RemoteWebDriver.java:552)
	at org.openqa.selenium.remote.RemoteWebDriver.execute(RemoteWebDriver.java:609)
	at org.openqa.selenium.remote.RemoteWebDriver$RemoteTargetLocator.alert(RemoteWebDriver.java:932)
	at com.blazedemo.pages.ProductDetailsPage.asusAddToCart(ProductDetailsPage.java:97)
	at com.blazedemo.test.ProductDetailsPageTest.vallidateAsusCartTest(ProductDetailsPageTest.java:109)
	at sun.reflect.NativeMethodAccessorImpl.invoke0(Native Method)
	at sun.reflect.NativeMethodAccessorImpl.invoke(NativeMethodAccessorImpl.java:62)
	at sun.reflect.DelegatingMethodAccessorImpl.invoke(DelegatingMethodAccessorImpl.java:43)
	at java.lang.reflect.Method.invoke(Method.java:498)
	at org.testng.internal.MethodInvocationHelper.invokeMethod(MethodInvocationHelper.java:100)
	at org.testng.internal.Invoker.invokeMethod(Invoker.java:646)
	at org.testng.internal.Invoker.invokeTestMethod(Invoker.java:811)
	at org.testng.internal.Invoker.invokeTestMethods(Invoker.java:1129)
	at org.testng.internal.TestMethodWorker.invokeTestMethods(TestMethodWorker.java:129)
	at org.testng.internal.TestMethodWorker.run(TestMethodWorker.java:112)
	at org.testng.TestRunner.privateRun(TestRunner.java:746)
	at org.testng.TestRunner.run(TestRunner.java:600)
	at org.testng.SuiteRunner.runTest(SuiteRunner.java:366)
	at org.testng.SuiteRunner.runSequentially(SuiteRunner.java:361)
	at org.testng.SuiteRunner.privateRun(SuiteRunner.java:319)
	at org.testng.SuiteRunner.run(SuiteRunner.java:268)
	at org.testng.SuiteRunnerWorker.runSuite(SuiteRunnerWorker.java:52)
	at org.testng.SuiteRunnerWorker.run(SuiteRunnerWorker.java:86)
	at org.testng.TestNG.runSuitesSequentially(TestNG.java:1264)
	at org.testng.TestNG.runSuitesLocally(TestNG.java:1189)
	at org.testng.TestNG.runSuites(TestNG.java:1104)
	at org.testng.TestNG.run(TestNG.java:1076)
	at org.testng.remote.AbstractRemoteTestNG.run(AbstractRemoteTestNG.java:126)
	at org.testng.remote.RemoteTestNG.initAndRun(RemoteTestNG.java:152)
	at org.testng.remote.RemoteTestNG.main(RemoteTestNG.java:57)
]]>
            </full-stacktrace>
          </exception> <!-- org.openqa.selenium.NoAlertPresentException -->
          <reporter-output>
          </reporter-output>
        </test-method> <!-- vallidateAsusCartTest -->
        <test-method status="PASS" signature="tearDown()[pri:0, instance:com.blazedemo.test.ProductDetailsPageTest@604ed9f0]" name="tearDown" is-config="true" duration-ms="1216" started-at="2021-05-16T12:41:45Z" finished-at="2021-05-16T12:41:46Z">
          <reporter-output>
          </reporter-output>
        </test-method> <!-- tearDown -->
      </class> <!-- com.blazedemo.test.ProductDetailsPageTest -->
    </test> <!-- Test -->
  </suite> <!-- Suite -->
</testng-results>
